-------------------------------------------------------------------------------
Test set: com.montanha.isolada.ViagensContractTest
-------------------------------------------------------------------------------
Tests run: 1, Failures: 1, Errors: 0, Skipped: 0, Time elapsed: 7.263 s <<< FAILURE! - in com.montanha.isolada.ViagensContractTest
testValidarContratoCadastroViagem(com.montanha.isolada.ViagensContractTest)  Time elapsed: 7.089 s  <<< FAILURE!
java.lang.AssertionError: 
1 expectation failed.
Expected status code <200> but was <201>.

	at com.montanha.isolada.ViagensContractTest.testValidarContratoCadastroViagem(ViagensContractTest.java:59)

